\BOOKMARK [1][-]{section.1}{Assignment 1}{}% 1
\BOOKMARK [2][-]{subsection.1.1}{Assignment 1.1}{section.1}% 2
\BOOKMARK [2][-]{subsection.1.2}{Assignment 1.2}{section.1}% 3
\BOOKMARK [2][-]{subsection.1.3}{Assignment 1.3}{section.1}% 4
\BOOKMARK [2][-]{subsection.1.4}{Assignment 1.4}{section.1}% 5
\BOOKMARK [1][-]{section.2}{Assignment 2}{}% 6
\BOOKMARK [2][-]{subsection.2.1}{Assignment 2.1 and 2.2}{section.2}% 7
\BOOKMARK [2][-]{subsection.2.2}{Assignment 2.3}{section.2}% 8
\BOOKMARK [2][-]{subsection.2.3}{Assignment 2.4}{section.2}% 9
\BOOKMARK [3][-]{subsubsection.2.3.1}{Stall Velocity}{subsection.2.3}% 10
\BOOKMARK [3][-]{subsubsection.2.3.2}{Key cruise parameters}{subsection.2.3}% 11
\BOOKMARK [3][-]{subsubsection.2.3.3}{Design Point and Matching Chart}{subsection.2.3}% 12
\BOOKMARK [1][-]{section.3}{Assignment 3}{}% 13
\BOOKMARK [2][-]{subsection.3.1}{Assignment 3.1}{section.3}% 14
\BOOKMARK [2][-]{subsection.3.2}{Assignment 3.2}{section.3}% 15
\BOOKMARK [2][-]{subsection.3.3}{Assignment 3.3}{section.3}% 16
\BOOKMARK [2][-]{subsection.3.4}{Assignment 3.4}{section.3}% 17
\BOOKMARK [1][-]{section.4}{Assignment 4}{}% 18
\BOOKMARK [2][-]{subsection.4.1}{Assignment 4.1}{section.4}% 19
\BOOKMARK [2][-]{subsection.4.2}{Assignment 4.2}{section.4}% 20
\BOOKMARK [1][-]{section.5}{Assignment 5}{}% 21
\BOOKMARK [2][-]{subsection.5.1}{Assignment 5.1}{section.5}% 22
\BOOKMARK [2][-]{subsection.5.2}{Assignment 5.2}{section.5}% 23
\BOOKMARK [2][-]{subsection.5.3}{Assignment 5.3}{section.5}% 24
\BOOKMARK [2][-]{subsection.5.4}{Assignment 5.4}{section.5}% 25
\BOOKMARK [1][-]{section.6}{Assignment 6}{}% 26
\BOOKMARK [2][-]{subsection.6.1}{Assignment 6.1}{section.6}% 27
\BOOKMARK [2][-]{subsection.6.2}{Assignment 6.2}{section.6}% 28
\BOOKMARK [2][-]{subsection.6.3}{Assignment 6.3}{section.6}% 29
\BOOKMARK [2][-]{subsection.6.4}{Assignment 6.4}{section.6}% 30
\BOOKMARK [2][-]{subsection.6.5}{Assignment 6.5}{section.6}% 31
\BOOKMARK [2][-]{subsection.6.6}{Assignment 6.6}{section.6}% 32
\BOOKMARK [2][-]{subsection.6.7}{Assignment 6.7}{section.6}% 33
\BOOKMARK [2][-]{subsection.6.8}{Assignment 6.8}{section.6}% 34
\BOOKMARK [2][-]{subsection.6.9}{Assignment 6.9}{section.6}% 35
